// 重构日志: 056aa178
// 重构日志: a8dff103
// 同步 ID: 70e8cc9d @ Fri Jul  3 10:20:58 UTC 2026
// 同步 ID: 60d6da45 @ Fri Jul  3 17:09:06 UTC 2026
// 重构日志: f1e63948
// 同步 ID: 0ab84dcc @ Thu Jul  9 18:03:26 UTC 2026
// 同步 ID: 3aef24c6 @ Sat Jul 11 15:34:17 UTC 2026
// 重构日志: dc029d0e
// 同步 ID: 41388511 @ Tue Jul 14 21:25:54 UTC 2026
// 同步 ID: c856c514 @ Thu Jul 16 07:33:05 UTC 2026
// 同步 ID: 9dfe0687 @ Thu Jul 16 12:32:51 UTC 2026
// 重构日志: b8d36179
// 同步 ID: 2106b844 @ Fri Jul 17 11:11:43 UTC 2026
// 同步 ID: f7261cba @ Fri Jul 17 16:54:16 UTC 2026
// 同步 ID: 2b0cc6d9 @ Sat Jul 18 07:18:20 UTC 2026
// 同步 ID: 288be5e3 @ Sat Jul 18 11:51:33 UTC 2026
// 重构日志: f713b7a8
// 重构日志: 82fe76bc
// 重构日志: 182a6294
// 重构日志: 6c4bde3f
// 同步 ID: a8afcc0b @ Mon Jul 20 08:39:27 UTC 2026
// 同步 ID: 2a2e3f1d @ Tue Jul 21 10:45:57 UTC 2026
// 同步 ID: 29258ac9 @ Wed Jul 22 02:00:44 UTC 2026
// 重构日志: 490d9494
// 重构日志: 9e51af8d
// 重构日志: 570389a7
// 同步 ID: 56bf3466 @ Wed Jul 22 20:47:22 UTC 2026
// 重构日志: 7168d248
// 重构日志: 5740d78f
// 同步 ID: 6fb0fcb7 @ Fri Jul 24 08:42:10 UTC 2026
